[    0.000000] Linux version 4.15.0-58-generic (buildd@lcy01-amd64-013) (gcc version 7.4.0 (Ubuntu 7.4.0-1ubuntu1~18.04.1)) #64-Ubuntu SMP Tue Aug 6 11:12:41 UTC 2019 (Ubuntu 4.15.0-58.64-generic 4.15.18)
[    0.000000] Command line: BOOT_IMAGE=/boot/vmlinuz-4.15.0-58-generic root=LABEL=cloudimg-rootfs ro console=tty1 console=ttyS0
[    0.000000] KERNEL supported cpus:
[    0.000000]   Intel GenuineIntel
[    0.000000]   AMD AuthenticAMD
[    0.000000]   Centaur CentaurHauls
[    0.000000] x86/fpu: Supporting XSAVE feature 0x001: 'x87 floating point registers'
[    0.00000]x86/fpu: Supporting XSAVE feature 0x002: 'SSE registers'
[    0.000000] x86/fpu: Supporting XSAVE feature 0x004: 'AVX registers'
[    0.000000] x86/fpu: xstate_offset[2]:  576, xstate_sizes[2]:  256
[    0.000000] x86/fpu: Enabled xstate features 0x7, context size is 832 bytes, using 'standard' format.
[    0.000000] e820: BIOS-provided physical RAM map:
[    0.000000] BIOS-e820: [mem 0x0000000000000000-0x000000000009fbff] usable
[    0.000000] BIOS-e820: [mem 0x000000000009fc00-0x000000000009ffff] reserved
[    0.000000] BIOS-e820: [mem 0x00000000000f0000-0x00000000000fffff] reserved
[    0.000000] BIOS-e820: [mem 0x0000000000100000-0x000000007ffeffff] usable
[    0.000000] BIOS-e820: [mem 0x000000007fff0000-0x000000007fffffff] ACPI data
[    0.000000] BIOS-e820: [mem 0x00000000fec00000-0x00000000fec00fff] reserved
[    0.000000] IOS-e820: [mem 0x00000000fee00000-0x00000000fee00fff] reserved
[    0.000000] BIOS-e820: [mem 0x00000000fffc0000-0x00000000ffffffff] reserved
[    0.000000] NX (Execute Disable) protection: active
[    0.000000] SMBIOS 2.5 present.
[    0.000000] DMI: innotek GmbH VirtualBox/VirtualBox, BIOS VirtualBox 12/01/2006
[    0.000000] Hypervisor detected: KVM
[    0.000000] e820: last_pfn = 0x7fff0 max_arch_pfn = 0x400000000
[    0.000000] MTRR: Disabled
[    0.000000] x86/PAT: MTRRs disabled, skipping PAT initialization too.
[    0.000000] CPU MTRR all blank - virtualized system.
[    0.000000] x86/PAT: Configuration [0-7]: WB  WT  UC- UC  WB  WT  UC- UC  
[    0.000000] found SMP MP-table at [mem 0x0009fff0-0x0009ffff] mapped at [        (ptrval)]
[    0.000000] Scanning 1 areas for low memory corruption
[    0.000000] RAMDISK: [mem 0x35a8f000-0x36d3efff]
[    0.000000] ACPI: Early table checksum verification disabled
[    0.000000] ACPI: RSDP 0x00000000000E0000 000024 (v02 VBOX  )
[    0.000000] ACPI: XSDT 0x000000007FFF0030 00003C (v01 VBOX   VBOXXSDT 00000001 ASL  00000061)
[    0.000000] ACPI: FACP 0x000000007FFF00F0 0000F4 (v04 VBOX   VBOXFACP 00000001 ASL  00000061)
[    0.000000] ACPI: DSDT 0x000000007FFF0470 0021FF (v02 VBOX   VBOXBIOS 00000002 INTL 20180105)
[    0.000000] ACPI: FACS 0x000000007FFF0200 000040
[    0.000000] ACPI: FACS 0x000000007FFF0200 000040
[    0.000000] ACPI: APIC 0x000000007FFF0240 00005C (v02 VBOX   VBOXAPIC 00000001 ASL  00000061)
[    0.000000] ACPI: SSDT 0x000000007FFF02A0 0001CC (v01 VBOX   VBOXCPUT 00000002 INTL 20180105)
[    0.000000] No NUMA configuration found
[    0.000000] Faking a node at [mem 0x0000000000000000-0x000000007ffeffff]
[    0.000000] NODE_DATA(0) allocated [mem 0x7ffc5000-0x7ffeffff]
[    0.000000] kvm-clock: cpu 0, msr 0:7ff44001, primary cpu clock
[    0.000000] kvm-clock: Using msrs 4b564d01 and 4b564d00
[    0.000000] kvm-clock: using sched offset of 4477027776 cycles
[    0.000000] clocksource: kvm-clock: mask: 0xffffffffffffffff max_cycles: 0x1cd42e4dffb, max_idle_ns: 881590591483 ns
[    0.000000] Zone ranges:
[    0000000]   DMA      [mem 0x0000000000001000-0x0000000000ffffff]
[    0.000000]   DMA32    [mem 0x0000000001000000-0x000000007ffeffff]
[    0.000000]   Normal   empty
[    0.000000]   Device   empty
[    0.000000] Movable zone start for each node
[    0.000000] Early memory node ranges
[    0.000000]   node   0: [mem 0x0000000000001000-0x000000000009efff]
[    0.000000]   node   0: [mem 0x0000000000100000-0x000000007ffeffff]
[    0.000000] Reserved but unavailable: 98 pages
[    0.000000] Initmem setup node 0 [mem 0x00000000000100-0x000000007ffeffff]
[    0.000000] ACPI: PM-Timer IO Port: 0x4008
[    0.000000] IOAPIC[0]: apic_id 2, version 32, address 0xfec00000, GSI 0-23
[    0.000000] ACPI: INT_SRC_OVR (bus 0 bus_irq 0 global_irq 2 dfl dfl)
[    0.000000] ACPI: INT_SRC_OVR (bus 0 bus_irq 9 global_irq 9 low level)
[    0.000000] Using ACPI (MADT) for SMP configuration information
[    0.000000] smpboot: Allowing 2 CPUs, 0 hotplug CPUs
[    0.000000] PM: Registered nosave memory: [mem 0x00000000-0x00000fff]
[    0.000000] PM: Registered nosave memory: [mem 0x0009f000-0x0009ffff]
[    0.000000] PM: Registered nosave memory: [mem 0x000a0000-0x000effff]
[    0.000000] PM: Registered nosave memory: [mem 0x000f0000-0x000fffff]
[    0.000000] e820: [mem 0x80000000-0xfebfffff] available for PCI devices
[    0.000000] Booting paravirtualized kernel on KVM
[    0.000000] clocksource: refined-jiffies: mask: 0xffffffff max_cycles: 0xffffffff, max_idle_ns: 7645519600211568 ns
[    0.000000] random: get_random_bytes called from start_kernel+0x99/0x4fd with crng_init=0
[   0.000000] setup_percpu: NR_CPUS:8192 nr_cpumask_bits:2 nr_cpu_ids:2 nr_node_ds:1
[    0.000000] percpu: Embedded 46 pages/cpu @        (ptrval) s151552 r8192 d28672 u1048576
[    0.000000] PV qspinlock hash table entries: 256 (order: 0, 4096 bytes)
[    0.000000] Built 1 zonelists, mobility grouping on.  Total pages: 515961
[    0.000000] Policy zone: DMA32
[    0.000000] Kernel command line: BOOT_IMAGE=/boot/vmlinuz-4.15.0-58-generic root=LABEL=cloudimg-rootfs ro console=tty1 console=ttyS0
[    0.000000] Memory: 2015652K/2096696K available (12300K kernel code, 2478K rwdata, 4280K rodata, 2424K init, 2384K bss, 8044K reserved, 0K cma-reserved)
[   0.000000] SLUB: HWalign=64, Order=0-3, MinObjects=0,CPUs=2, Nodes=1
[    0.000000] Kernel/User page tables isolation: enabled
[    0.000000] ftrace: allocating39243 entries in 154 pages
[    0.004000] Hierarchical RCU implementation.
[    0.004000] 	RCU restricting CPUs from NR_CPUS=8192 to nr_cpu_ids=2.
[    0.004000] 	Tasks RCU enabled.
[    0.004000] RCU: djusting geometry for rcu_fanout_leaf=16, nr_cpu_ids=2
[    0.004000] NR_IRQS: 524544, nr_irqs: 440, preallocated irqs: 16
[    0.004000] Console: colour VGA+ 80x25
[    0.004000] console [tty1] enabled
[    0.004000] console [ttyS0] enabled
[    0.004000] ACPI: Core revision 20170831
[    0.004000] ACPI: 2 ACPI AML tables successfuly acquired and loaded
[    0.004000] APIC: Switch to symmetric I/O mode setup
[    0.004000] x2apic enabled
[    0.004000] Switced APIC routing to physical x2apic.
[    0.009862] ..TIMER: vector=0x30 apic1=0 pin1=2 apic2=-1 pin2=-1
[    0.012009] tsc: Detected 2317.036 MHz processor
[    0.016017] Calibrating delay loop (skipped) preset value.. 4634.07 BogoMIPS (lpj=9268144)
[    0.020010] pid_max: default: 32768 minimum: 301
[    0.024061] Security Framework initialized
[    0.028010] Yama: becoming mindful.
[    0.032055] AppArmor: AppArmor initialized
[    0.037106] Dentry cache hash table entries: 262144 (order: 9, 2097152 bytes)
[    0.044116] Inode-cache hash table entries: 131072 (order: 8, 1048576 bytes)
[    0.048034] Mount-cache hash table entries: 4096 (order: 3, 32768 bytes)
[    0.052023] Mountpoint-cache hash table entries: 4096 (order: 3, 32768 bytes)
[    0.056371] mce: CPU supports 0 MCE banks
[    0.060086] Last level iTLB entries: 4KB 64, 2MB 8, 4MB 8
[    0.064009] Last level dTLB entries: 4KB 64, 2MB 0, 4MB 0, 1GB 4
[    0.068004] Spectre V1 : Mitigation: usercopy/swapgs barriers and __user pointer sanitization
[    0.072010] Spectre V2 : Mitigation: Full generic retpoline
[    0.076008] Spectre V2 : Spectre v2 / SpectreRSB mitigation: Filling RSB on context switch
[    0.080008] Speculative Store Bypass: Vulnerable
[    0.081341] MDS: Mitigation: Clear CPU buffers
[    0.084151] Freeing SMP alternatives memory: 36K
[    0.092000] smpboot: CPU0: Intel(R) Core(TM) i3-6100U CPU @ 2.30GHz (family: 0x6, model: 0x4e, stepping: 0x3)
[    0.092130] Performance Events: unsupported p6 CPU model 78 no PMU driver, software events only.
[    0.094423] Hierarchical SRCU implementation.
[    0.097363] NMI watchdog: Perf event create on CPU 0 failed with -2
[    0.100017] NMI watchdog: Perf NMI watchdog permanently disabled
[    0.104146] smp: Bringing up secondary CPUs ...
[    0.108161] x86: Booting SMP configuration:
[    0.109018] .... node  #0, CPUs:      #1
[    0.004000] kvm-clock: cpu 1, msr 0:7ff44041, secondary cpu clock
[    0.004000] mce: CPU supports 0 MCE banks
[    0.116028] smp: Brought up 1 node, 2 CPUs
[    0.117234] smpboot: Max logical packages: 1
[    0.120013] smpboot: Total of 2 processors activated (9268.14 BogoMIPS)
[    0.121757] devtmpfs: initialized
[    0.121757] x86/mm: Memory block size: 128MB
[    0.124440] evm: security.selinux
[    0.128006] evm: security.SMACK64
[    0.129025] evm: security.SMACK64EXEC
[    0.130006] evm: security.SMACK64TRANSMUTE
[    0.132010] evm: security.SMACK64MMAP
[    0.136008] evm: security.apparmor
[    0.140008] evm: security.ima
[    0.140871] evm: security.capability
[    0.144163] clocksource: jiffies: mask: 0xffffffff max_cycles: 0xffffffff, max_idle_ns: 7645041785100000 ns
[    0.146477] futex hash table entries: 512 (order: 3, 32768 bytes)
[    0.148091] pinctrl core: initialized pinctrl subsystem
[    0.152181] RTC time:  5:53:21, date: 09/16/19
[    0.156201] NET: Registered protocol family 16
[    0.160133] audit: initializing netlink subsys (disabled)
[    0.164070] audit: type=2000 audit(1568613205.243:1): state=initialized audit_enabled=0 res=1
[    0.176016] cpuidle: using governor ladder
[    0.177208] cpuidle: using governor menu
[    0.178332] ACPI: bus type PCI registered
[    0.180016] acpiphp: ACPI Hot Plug PCI Controller Driver version: 0.5
[    0.181819] PCI: Using configuration type 1 for base access
[    0.185571] HugeTLB registered 2.00 MiB page size, pre-allocated 0 pages
[    0.192149] ACPI: Added _OSI(Module Device)
[    0.193316] ACPI: Added _OSI(Processor Device)
[    0.194473] ACPI: Added _OSI(3.0 _SCP Extensions)
[    0.196042] ACPI: Added _OSI(Processor Aggregator Device)
[    0.200019] ACPI: Added _OSI(Linux-Dell-Video)
[    0.204004] ACPI: Added _OSI(Linux-Lenovo-NV-HDMI-Audio)
[    0.205301] ACPI: Added _OSI(Linux-HPI-Hybrid-Graphics)
[    0.206887] ACPI: Executed 1 blocks of module-level executable AML code
[    0.214333] ACPI: Interpreter enabled
[    0.215241] ACPI: (supports S0 S5)
[    0.216005] ACPI: Using IOAPIC for interrupt routing
[    0.220342] PCI: Using host bridge windows from ACPI; if necessary, use "pci=nocrs" and report a bug
[    0.224230] ACPI: Enabled 2 GPEs in block 00 to 07
[    0.236722] ACPI: PCI Root Bridge [PCI0] (domain 0000 [bus 00-ff])
[    0.240022] acpi PNP0A03:00: _OSC: OS supports [ASPM ClockPM Segments MSI]
[    0.244062] acpi PNP0A03:00: _OSC: not requesting OS control; OS requires [ExtendedConfig ASPM ClockPM MSI]
[    0.248029] acpi PNP0A03:00: fail to add MMCONFIG information, can't access extended PCI configuration space under this bridge.
[    0.252460] PCI host bridge to bus 0000:00
[    0.253288] pci_bus 0000:00: root bus resource [io  0x0000-0x0cf7 window]
[    0.256006] pci_bus 0000:00: root bus resource [io  0x0d00-0xffff window]
[    0.260013] pci_bus 0000:00: root bus resource [mem 0x000a0000-0x000bffff window]
[    0.261956] pci_bus 0000:00: root bus resource [mem 0x80000000-0xfdffffff window]
[    0.264007] pci_bus 0000:00: root bus resource [bus 00-ff]
[    0.270505] pci 0000:00:01.1: legacy IDE quirk: reg 0x10: [io  0x01f0-0x01f7]
[    0.272025] pci 0000:00:01.1: legacy IDE quirk: reg 0x14: [io  0x03f6]
[    0.276013] pci 0000:00:01.1: legacy IDE quirk: reg 0x18: [io  0x0170-0x0177]
[    0.280006] pci 0000:00:01.1: legacy IDE quirk: reg 0x1c: [io  0x0376]
[    0.316706] pci 0000:00:07.0: quirk: [io  0x4000-0x403f] claimed by PIIX4 ACPI
[    0.320030] pci 0000:00:07.0: quirk: [io  0x4100-0x410f] claimed by PIIX4 SMB
[    0.350127] ACPI: PCI Interrupt Link [LNKA] (IRQs 5 9 10 *11)
[    0.352470] ACPI: PCI Interrupt Link [LNKB] (IRQs 5 9 *10 11)
[    0.356209] ACPI: PCI Interrupt Link [LNKC] (IRQs 5 *9 10 11)
[    0.364126] ACPI: PCI Interrupt Link [LNKD] (IRQs 5 9 10 *11)
[    0.365854] SCSI subsystem initialized
[    0.368108] pci 0000:00:02.0: vgaarb: setting as boot VGA device
[    0.369575] pci 0000:00:02.0: vgaarb: VGA device added: decodes=io+mem,owns=io+mem,locks=none
[    0.372013] pci 0000:00:02.0: vgaarb: bridge control possible
[    0.373123] vgaarb: loaded
[    0.376089] ACPI: bus type USB registered
[    0.377230] usbcore: registered new interface driver usbfs
[    0.380030] usbcore: registered new interface driver hub
[    0.381450] usbcore: registered new device driver usb
[    0.382827] EDAC MC: Ver: 3.0.0
[    0.384348] PCI: Using ACPI for IRQ routing
[    0.388420] NetLabel: Initializing
[    0.389325] NetLabel:  domain hash size = 128
[    0.392008] NetLabel:  protocols = UNLABELED CIPSOv4 CALIPSO
[    0.396044] NetLabel:  unlabeled traffic allowed by default
[    0.400124] clocksource: Switched to clocksource kvm-clock
[    0.415783] VFS: Dsk quotas dquot_6.6.0
[    0.477595] VFS: Dquot-chhash table entries: 512 orr 0, 4096 bytes)
[    0.69056] pAor: AppArmor Filesystem Enaed[  0.953545] pnp: PnP ACPI init
[    1.041943] pnp: PnP ACPI: found 3 devices

[    1.052744] clocksource: acpi_pm: mask: 0xffffff max_cycles: 0xffffff, max_idle_ns: 2085701024 ns
[    1.055490] NET: Registered protocol family 2
[    1.057366] TCP established hash table entries: 16384 (order: 5, 131072 bytes)
[    1.058938] TCP bind hash table entries: 16384 (order: 6, 262144 bytes)
[    1.060838] TCP: Hash tables configured (established 16384 bind 16384)
[    1.062179] UDP hash table entries: 1024 (order: 3, 32768 bytes)
[    1.063313] UDP-Lite hash table entries: 1024 (order: 3, 32768 bytes)
[    1.064557] NET: Registered protocol family 1
[    1.065432] pci 0000:00:00.0: Limiting direct PCI/PCI transfers
[    1.066626] pci 0000:00:01.0: Activating ISA DMA hang workarounds
[   1.068447] pci 0000:00:02.0: Video device with shadowed ROM at [mem 0x000c0000-0x000dffff]
[    1.114969] Unpacking initramfs...
[    1.513631] Freeing initrd memory: 19136K
[    1.529765] clocksource: tsc: mask: 0xffffffffffffffff max_cycles: 0x216612b5896, max_idle_ns: 440795324138 ns
[    1.537702] platform rtc_cmos: registered platform RTC device (no PNP device found)
[    1.545317] Scanning for low memory corruption every 60 seconds
[    1.554553] Initialise system trusted keyrings
[    1.557211] Key type blacklist registered
[    1.560489] workingset: timestamp_bits=36 max_order=19 bucket_order=0
[    1.584050] zbud: loaded
[    1.606700] squashfs: version 4.0 (2009/01/31) Phillip Lougher
[    1.608156] fuse init (API version 7.26)
[    1.611581] Key type asymmetric registered
[    1.612757] Asymmetric key parser 'x509' registered
[    1.614272] Block layer SCSI generic (bsg) driver version 0.4 loaded (major 246)
[    1.626060] io scheduler noop registered
[    1.627162] io scheduler deadline registered
[    1.628374] io scheduler cfq registered (default)
[    1.630091] ACPI: AC Adapter [AC] (off-line)
[    1.640910] input: Power Button as /devices/LNXSYSTM:00/LNXPWRBN:00/input/input0
[    1.642945] ACPI: Power Button [PWRF]
[    1.645172] input: Sleep Button as /devices/LNXSYSTM:00/LNXSLPBN:00/input/input1
[    1.647323] ACPI: Sleep Button [SLPF]
[    1.676007] Serial: 8250/16550 driver, 32 ports, IRQ sharing enabled
[    1.676865] ACPI: Battery Slot [BAT0] (battery present)
[    1.744495] 00:02: ttyS0 at I/O 0x3f8 (irq = 4, base_baud = 115200) is a 16550A
[    1.759539] Linux agpgart interface v0.103
[    1.775721] loop: module loaded
[    1.798556] scsi host0: ata_piix
[    1.801181] scsi host1: ata_piix
[    1.802342] ata1: PATA max UDMA/33 cmd 0x1f0 ctl 0x3f6 bmdma 0xd000 irq 14
[    1.821203] ata2: PATA max UDMA/33 cmd 0x170 ctl 0x376 bmdma 0xd008 irq 15
[    1.840669] libphy: Fixed MDIO Bus: probed
[    1.853537] tun: Universal TUN/TAP device driver, 1.6
[    1.872942] PPP generic driver version 2.4.2
[    1.874188] ehci_hcd: USB 2.0 'Enhanced' Host Controller (EHCI) Driver
[    1.875823] ehci-pci: EHCI PCI platform driver
[    1.877062] ehci-platform: EHCI generic platform driver
[    1.884330] ohci_hcd: USB 1.1 'Open' Host Controller (OHCI) Driver
[    1.889019] ohci-pci: OHCI PCI platform driver
[    1.893193] ohci-platform: OHCI generic platform driver
[    1.894604] uhci_hcd: USB Universal Host Controller Interface driver
[    1.901654] i8042: PNP: PS/2 Controller [PNP0303:PS2K,PNP0f03:PS2M] at 0x60,0x64 irq 1,12
[    1.910775] serio: i8042 KBD port at 0x60,0x64 irq 1
[    1.925226] serio: i8042 AUX port at 0x60,0x64 irq 12
[    1.926705] mousedev: PS/2 mouse device common for all mice
[    1.928925] input: AT Translated Set 2 keyboard as /devices/platform/i8042/serio0/input/input2
[    1.936300] rtc_cmos rtc_cmos: rtc core: registered rtc_cmos as rtc0
[    1.949372] rtc_cmos rtc_cmos: alarms up to one day, 114 bytes nvram
[    1.951978] i2c /dev entries driver
[    1.953283] device-mapper: uevent: version 1.0.3
[    1.954583] device-mapper: ioctl: 4.37.0-ioctl (2017-09-20) initialised: dm-devel@redhat.com
[    1.957837] ledtrig-cpu: registered to indicate activity on CPUs
[    1.959723] NET: Registered protocol family 10
[    1.969444] Segment Routing with IPv6
[    1.970563] NET: Registered protocol family 17
[    1.971885] Key type dns_resolver registered
[    1.973432] RAS: Correctable Errors collector initialized.
[    1.974873] sched_clock: Marking stable (1973372757, 0)->(4001821747, -2028448990)
[    1.977503] registered taskstats version 1
[    1.978650] Loading compiled-in X.509 certificates
[    1.991516] Loaded X.509 cert 'Build time autogenerated kernel key: e343dd3e31c9820cf0adf0156bc2eecdcfc394af'
[    2.004155] zswap: loaded using pool lzo/zbud
[    2.017324] Key type big_key registered
[    2.018445] Key type trusted registered
[    2.022472] Key type encrypted registered
[    2.048936] AppArmor: AppArmor sha1 policy hashing enabled
[    2.057817] ima: No TPM chip found, activating TPM-bypass! (rc=-19)
[    2.058980] ima: Allocated hash algorithm: sha1
[    2.059937] evm: HMAC attrs: 0x1
[    2.061091]   Magic number: 3:89:871
[    2.077797] rtc_cmos rtc_cmos: setting system clock to 2019-09-16 05:53:23 UTC (1568613203)
[    2.087198] BIOS EDD facility v0.16 2004-Jun-25, 0 devices found
[    2.090163] EDD information not available.
[    2.096906] Freeing unused kernel image memory: 2424K
[    2.156136] Write protecting the kernel read-only data: 20480k
[    2.184394] Freeing unused kernel image memory: 2008K
[    2.207268] Freeing unused kernel image memory: 1864K
[    2.217880] x86/mm: Checked W+X mappings: passed, no W+X pages found.
[    2.219684] x86/mm: Checking user space page tables
[    2.229325] x86/mm: Checked W+X mappings: passed, no W+X pages found.
Loading, please wait...
starting version 237
[    2.429226] e1000: Intel(R) PRO/1000 Network Driver - version 7.3.21-k8-NAPI
[    2.433942] e1000: Copyright (c) 1999-2006 Intel Corporation.
[    2.465839] Fusion MPT base driver 3.04.20
[    2.492241] Copyright (c) 1999-2008 LSI Corporation
[    2.515524] AVX2 version of gcm_enc/dec engaged.
[    2.528930] AES CTR mode by8 optimization enabled
[    2.553356] Fusion MPT SPI Host driver 3.04.20
[    2.673637] input: ImExPS/2 Generic Explorer Mouse as /devices/platform/i8042/serio1/input/input4
[    2.949026] e1000 0000:00:03.0 eth0: (PCI:33MHz:32-bit) 02:cc:50:df:d9:b9
[    2.961759] e1000 0000:00:03.0 eth0: Intel(R) PRO/1000 Network Connection
[    2.993976] mptbase: ioc0: Initiating bringup
[    3.088247] ioc0: LSI53C1030 A0: Capabilities={Initiator}
[    3.367477] scsi host2: ioc0: LSI53C1030 A0, FwRev=00000000h, Ports=1, MaxQ=256, IRQ=20
[    3.553050] scsi 2:0:0:0: Direct-Access     VBOX     HARDDISK         1.0  PQ: 0 ANSI: 5
[    3.605307] scsi target2:0:0: Beginning Domain Validation
[    3.626271] scsi target2:0:0: Domain Validation skipping write tests
[    3.632415] scsi target2:0:0: Ending Domain Validation
[    3.640731] scsi target2:0:0: asynchronous
[    3.646842] scsi 2:0:1:0: Direct-Access     VBOX     HARDDISK         1.0  PQ: 0 ANSI: 5
[    3.928090] scsi target2:0:1: Beginning Domain Validation
[    3.939472] random: fast init done
[    3.949310] scsi target2:0:1: Domain Validation skipping write tests
[    3.951101] scsi target2:0:1: Ending Domain Validation
[    3.954101] scsi target2:0:1: asynchronous
[    3.961842] random: systemd-udevd: uninitialized urandom read (16 bytes read)
[    3.961865] sd 2:0:0:0: Attached scsi generic sg0 type 0
[    3.965655] random: systemd-udevd: uninitialized urandom read (16 bytes read)
[    4.000671] sd 2:0:1:0: Attached scsi generic sg1 type 0
[    4.080121] random: systemd-udevd: uninitialized urandom read (16 bytes read)
[    4.091687] sd 2:0:0:0: [sda] 20971520 512-byte logical blocks: (10.7 GB/10.0 GiB)
[    4.094765] sd 2:0:1:0: [sdb] 20480 512-byte logical blocks: (10.5 MB/10.0 MiB)
[    4.104080] sd 2:0:0:0: [sda] Write Protect is off
[    4.124262] sd 2:0:1:0: [sdb] Write Protect is off
[    4.124363] sd 2:0:0:0: [sda] Incomplete mode parameter data
[    4.143418] sd 2:0:0:0: [sda] Assuming drive cache: write through
[    4.146536] sd 2:0:1:0: [sdb] Incomplete mode parameter data
[    4.156938] sd 2:0:1:0: [sdb] Assuming drive cache: write through
[    4.159148] e1000 0000:00:08.0 eth1: (PCI:33MHz:32-bit) 08:00:27:61:e9:3e
[    4.175269] e1000 0000:00:08.0 eth1: Intel(R) PRO/1000 Network Connection
[    4.189196] e1000 0000:00:03.0 enp0s3: renamed from eth0
[    4.221659] e1000 0000:00:08.0 enp0s8: renamed from eth1
[    4.245787]  sda: sda1
[    4.254991] sd 2:0:1:0: [sdb] Attached SCSI disk
[    4.262547] sd 2:0:0:0: [sda] Attached SCSI disk
Begin: Loading essential drivers ... [    5.884040] raid6: sse2x1   gen()  6616 MB/s
[    5.932075] raid6: sse2x1   xor()  4874 MB/s
[    5.980059] raid6: sse2x2   gen()  8673 MB/s
[    6.048041] raid6: sse2x2   xor()  5065 MB/s
[    6.100037] raid6: sse2x4   gen()  9363 MB/s
[    6.148067] raid6: sse2x4   xor()  5715 MB/s
[    6.200012] raid6: avx2x1   gen() 13881 MB/s
[    6.248032] raid6: avx2x1   xor()  8973 MB/s
[    6.300033] raid6: avx2x2   gen() 15804 MB/s
[    6.360104] raid6: avx2x2   xor()  9050 MB/s
[    6.408193] raid6: avx2x4   gen() 14454 MB/s
[    6.464073] raid6: avx2x4   xor()  9199 MB/s
[    6.477009] raid6: using algorithm avx2x2 gen() 15804 MB/s
[    6.495178] raid6: .... xor() 9050 MB/s, rmw enabled
[    6.496499] raid6: using avx2x2 recovery algorithm
[    6.498852] xor: automatically using best checksumming function   avx       
[    6.501698] async_tx: api initialized (async)
done.
Begin: Running /scripts/init-premount ... done.
Begin: Mounting root file system ... Begin: Running /scripts/local-top ... done.
Begin: Running /scripts/local-premount ... [    6.576481] Btrfs loaded, crc32c=crc32c-intel
Scanning for Btrfs filesystems
done.
Warning: fsck not present, so skipping root file system
[    6.647368] EXT4-fs (sda1): mounted filesystem with ordered data mode. Opts: (null)
done.
Begin: Running /scripts/local-bottom ... done.
Begin: Running /scripts/init-bottom ... done.
[    7.764020] ip_tables: (C) 2000-2006 Netfilter Core Team
[    7.880649] systemd[1]: systemd 237 running in system mode. (+PAM +AUDIT +SELINUX +IMA +APPARMOR +SMACK +SYSVINIT +UTMP +LIBCRYPTSETUP +GCRYPT +GNUTLS +ACL +XZ +LZ4 +SECCOMP +BLKID +ELFUTILS +KMOD -IDN2 +IDN -PCRE2 default-hierarchy=hybrid)
[    8.000996] systemd[1]: Detected virtualization oracle.
[    8.043656] systemd[1]: Detected architecture x86-64.

Welcome to [1mUbuntu 18.04.3 LTS[0m!

[    8.107164] systemd[1]: Set hostname to <ubuntu>.
[    8.170119] systemd[1]: Initializing machine ID from random generator.
[    8.192810] systemd[1]: Installed transient /etc/machine-id file.
[    8.715378] random: crng init done
[    8.735470] random: 7 urandom warning(s) missed due to ratelimiting
[   10.099109] systemd[1]: Created slice System Slice.
[[0;32m  OK  [0m] Created slice System Slice.
[   10.114198] systemd[1]: Listening on LVM2 poll daemon socket.
[[0;32m  OK  [0m] Listening on LVM2 poll daemon socket.
[   10.124543] systemd[1]: Listening on Journal Socket.
[[0;32m  OK  [0m] Listening on Journal Socket.
[   10.225366] systemd[1]: Created slice system-serial\x2dgetty.slice.
[[0;32m  OK  [0m] Created slice system-serial\x2dgetty.slice.
         Starting Uncomplicated firewall...
[[0;32m  OK  [0m] Listening on Journal Audit Socket.
         Starting Set the console keyboard layout...
[[0;32m  OK  [0m] Listening on udev Kernel Socket.
         Mounting Huge Pages File System...
[[0;32m  OK  [0m] Listening on Journal Socket (/dev/log).
[[0;32m  OK  [0m] Listening on Device-mapper event daemon FIFOs.
[[0;32m  OK  [0m] Reached target User and Group Name Lookups.
         Starting Create list of required st…ce nodes for the current kernel...
[[0;32m  OK  [0m] Created slice User and Session Slice.
         Mounting Kernel Debug File System...
[[0;32m  OK  [0m] Listening on Network Service Netlink Socket.
[[0;32m  OK  [0m] Set up automount Arbitrary Executab…rmats File System Automount Point.
[[0;32m  OK  [0m] Reached target Slices.
         Starting Load Kernel Modules...
[[0;32m  OK  [0m] Listening on Syslog Socket.
[   10.471668] Loading iSCSI transport class v2.0-870.
[[0;32m  OK  [0m] Listening on /dev/initctl Compatibility Named Pipe.
         Starting Remount Root and Kernel File Systems...
[[0;32m  OK  [0m] Reached target Swap.
         Mounting POSIX Message Queue File System...
[   10.551230] iscsi: registered transport (tcp)
         Starting Journal Service...
[[0;32m  OK  [0m] Listening on udev Control Socket.
         Starting udev Coldplug all Devices...
[[0;32m  OK  [0m] Listening on LVM2 metadata daemon socket.
         Starting Monitoring of LVM2 mirrors…ng dmeventd or progress polling...
[[0;32m  OK  [0m] Reached target System Time Synchronized.
[[0;32m  OK  [0m] Started Forward Password Requests to Wall Directory Watch.
[[0;32m  OK  [0m] Started Uncomplicated firewall.
[[0;32m  OK  [0m] Mounted Huge Pages File System.
[[0;32m  OK  [0m] Started Create list of required sta…vice nodes for the current kernel.
[[0;32m  OK  [0m] Mounted Kernel Debug File System.
[[0;32m  OK  [0m] Mounted POSIX Message Queue File System.
         Starting Create Static Device Nodes in /dev...
[[0;32m  OK  [0m] Started udev Coldplug all Devices.
[   10.727440] EXT4-fs (sda1): re-mounted. Opts: (null)
[[0;32m  OK  [0m] Started Remount Root and Kernel File Systems.
         Starting Load/Save Random Seed...
[   11.117115] iscsi: registered transport (iser)
[[0;32m  OK  [0m] Started Load Kernel Modules.
         Mounting Kernel Configuration File System...
         Starting Apply Kernel Variables...
         Mounting FUSE Control File System...
[[0;32m  OK  [0m] Started Journal Service.
[[0;32m  OK  [0m] Started Load/Save Random Seed.
[[0;32m  OK  [0m] Mounted Kernel Configuration File System.
[[0;32m  OK  [0m] Mounted FUSE Control File System.
[[0;32m  OK  [0m] Started LVM2 metadata daemon.
         Starting Flush Journal to Persistent Storage...
[[0;32m  OK  [0m] Started Create Static Device Nodes in /dev.
         Starting udev Kernel Device Manager...
[[0;32m  OK  [0m] Started Apply Kernel Variables.
[[0;32m  OK  [0m] Started Monitoring of LVM2 mirrors,…sing dmeventd or progress polling.
[[0;32m  OK  [0m] Started udev Kernel Device Manager.
[[0;32m  OK  [0m] Started Flush Journal to Persistent Storage.
[[0;32m  OK  [0m] Found device /dev/ttyS0.
[[0;32m  OK  [0m] Listening on Load/Save RF Kill Switch Status /dev/rfkill Watch.
[[0;32m  OK  [0m] Started Set the console keyboard layout.
[[0;32m  OK  [0m] Reached target Local File Systems (Pre).
[[0;32m  OK  [0m] Reached target Local File Systems.
         Starting ebtables ruleset management...
         Starting Commit a transient machine-id on disk...
         Starting Tell Plymouth To Write Out Runtime Data...
         Starting Set console font and keymap...
         Starting Create Volatile Files and Directories...
         Starting AppArmor initialization...
[[0;32m  OK  [0m] Started Dispatch Password Requests to Console Directory Watch.
[[0;32m  OK  [0m] Reached target Local Encrypted Volumes.
[[0;32m  OK  [0m] Started Tell Plymouth To Write Out Runtime Data.
[[0;32m  OK  [0m] Started Set console font and keymap.
[[0;32m  OK  [0m] Started Create Volatile Files and Directories.
         Starting Update UTMP about System Boot/Shutdown...
[[0;32m  OK  [0m] Started Commit a transient machine-id on disk.
[[0;32m  OK  [0m] Started Update UTMP about System Boot/Shutdown.
[[0;32m  OK  [0m] Started ebtables ruleset management.
[[0;32m  OK  [0m] Started AppArmor initialization.
         Starting Initial cloud-init job (pre-networking)...
[   20.406835] cloud-init[705]: Cloud-init v. 19.1-1-gbaa47854-0ubuntu1~18.04.1 running 'init-local' at Mon, 16 Sep 2019 05:53:41 +0000. Up 19.65 seconds.
[[0;32m  OK  [0m] Started Initial cloud-init job (pre-networking).
[[0;32m  OK  [0m] Reached target Network (Pre).
         Starting Network Service...
[[0;32m  OK  [0m] Started Network Service.
         Starting Network Name Resolution...
         Starting Wait for Network to be Configured...
[[0;32m  OK  [0m] Started Network Name Resolution.
[[0;32m  OK  [0m] Reached target Network.
[[0;32m  OK  [0m] Reached target Host and Network Name Lookups.
[[0;32m  OK  [0m] Started Wait for Network to be Configured.
         Starting Initial cloud-init job (metadata service crawler)...
[   23.672606] cloud-init[836]: Cloud-init v. 19.1-1-gbaa47854-0ubuntu1~18.04.1 running 'init' at Mon, 16 Sep 2019 05:53:44 +0000. Up 23.27 seconds.
[   23.677983] cloud-init[836]: ci-info: ++++++++++++++++++++++++++++++++++++++Net device info+++++++++++++++++++++++++++++++++++++++
[   23.684859] cloud-init[836]: ci-info: +--------+-------+----------------------------+---------------+--------+-------------------+
[   23.700775] cloud-init[836]: ci-info: | Device |   Up  |          Address           |      Mask     | Scope  |     Hw-Address    |
[   23.703491] cloud-init[836]: ci-info: +--------+-------+----------------------------+---------------+--------+-------------------+
[   23.754137] cloud-init[836]: ci-info: | enp0s3 |  True |         10.0.2.15          | 255.255.255.0 | global | 02:cc:50:df:d9:b9 |
[   23.784764] cloud-init[836]: ci-info: | enp0s3 |  True | fe80::cc:50ff:fedf:d9b9/64 |       .       |  link  | 02:cc:50:df:d9:b9 |
[   23.786745] cloud-init[836]: ci-info: | enp0s8 | False |             .              |       .       |   .    | 08:00:27:61:e9:3e |
[   23.788541] cloud-init[836]: ci-info: |   lo   |  True |         127.0.0.1          |   255.0.0.0   |  host  |         .         |
[   23.829594] cloud-init[836]: ci-info: |   lo   |  True |          ::1/128           |       .       |  host  |         .         |
[   23.865532] cloud-init[836]: ci-info: +--------+-------+----------------------------+---------------+--------+-------------------+
[   23.867689] cloud-init[836]: ci-info: ++++++++++++++++++++++++++++Route IPv4 info+++++++++++++++++++++++++++++
[   23.869633] cloud-init[836]: ci-info: +-------+-------------+----------+-----------------+-----------+-------+
[   23.905889] cloud-init[836]: ci-info: | Route | Destination | Gateway  |     Genmask     | Interface | Flags |
[   23.969950] cloud-init[836]: ci-info: +-------+-------------+----------+-----------------+-----------+-------+
[   24.025706] cloud-init[836]: ci-info: |   0   |   0.0.0.0   | 10.0.2.2 |     0.0.0.0     |   enp0s3  |   UG  |
[   24.048264] cloud-init[836]: ci-info: |   1   |   10.0.2.0  | 0.0.0.0  |  255.255.255.0  |   enp0s3  |   U   |
[   24.069619] cloud-init[836]: ci-info: |   2   |   10.0.2.2  | 0.0.0.0  | 255.255.255.255 |   enp0s3  |   UH  |
[   24.167647] cloud-init[836]: ci-info: +-------+-------------+----------+-----------------+-----------+-------+
[   24.206695] cloud-init[836]: ci-info: +++++++++++++++++++Route IPv6 info+++++++++++++++++++
[   24.230634] cloud-init[836]: ci-info: +-------+-------------+---------+-----------+-------+
[   24.246480] cloud-init[836]: ci-info: | Route | Destination | Gateway | Interface | Flags |
[   24.250522] cloud-init[836]: ci-info: +-------+-------------+---------+-----------+-------+
[   24.252383] cloud-init[836]: ci-info: |   1   |  fe80::/64  |    ::   |   enp0s3  |   U   |
[   24.259324] cloud-init[836]: ci-info: |   3   |    local    |    ::   |   enp0s3  |   U   |
[   24.271581] cloud-init[836]: ci-info: |   4   |   ff00::/8  |    ::   |   enp0s3  |   U   |
[   24.281431] cloud-init[836]: ci-info: +-------+-------------+---------+-----------+-------+
[   25.550154] cloud-init[836]: Generating public/private rsa key pair.
[   25.556110] cloud-init[836]: Your identification has been saved in /etc/ssh/ssh_host_rsa_key.
[   25.562917] cloud-init[836]: Your public key has been saved in /etc/ssh/ssh_host_rsa_key.pub.
[   25.632306] cloud-init[836]: The key fingerprint is:
[[   25.689233] cloud-init[836]: SHA256:PJr0gv/XX/YOgTXCdcS71LtJTvVqM6syGTdDaPE7DfE root@ubuntu-bionic
[   25.694240] cloud-init[836]: The key's randomart image is:
[0;32m  OK  [0m] Started Initial cloud-init job (metadata service crawler).
[   25.694662] cloud-init[[0;32m  OK  [0m] Reached target Cloud-config availability.
[[0;32m  OK  [0m] Reached target Network is Online.
[836]: +---[RSA 2048]----+
[[0;32m  OK  [0m] Reached target Remote File Systems (Pre).
[   25.774844] [[0;32m  OK  [0m] Reached target Remote File Systems.
cloud-init[836]: |              .oo|
         Starting Availability of block devices...
[   25.834274] [cloud-init[0;32m  OK  [0m[836]: ] |          .... ..|Reached target System Initialization.

[[0;32m  OK  [0m] Started Daily Cleanup of Temporary Directories.
         Starting Socket activation for snappy daemon.
[[0;32m  OK  [0m] Started Discard unused blocks once a week.
[[0;32m  OK  [0m] Started Daily apt download activities.
[[0;32m  OK  [0m] Listening on ACPID Listen Socket.
[[0;32m  OK  [0m] Listening on UUID daemon activation socket.
[[0;32m  OK  [0m] Listening on D-Bus System Message Bus Socket.
[   25.876561] cloud-init[836]: |           +ooo o|
[   26.324981] cloud-init[836]: |       .  o ++E+o|
[   26.387380] cloud-init[836]: |      . S. ..+o =|
[   26.477859] cloud-init[836]: |     o + .. * .*.|
[   26.544353] cloud-init[836]: |    . + .  = +=.=|
[[0;32m  OK  [0m] Started ACPI Events Check.
[[0;32m  OK  [0m] Reached target Paths.
[[0;32m  OK  [0m] Listening on Open-iSCSI iscsid Socket.
[[0;32m  OK  [0m] Started Daily apt upgrade and clean activities.
[   26.602759] cloud-init[836]: |     . .  = . =B.|
         Starting LXD - unix socket.
[   26.761121] [[0;32m  OK  [0m] Started Message of the Day.
[[0;32m  OK  [0m] Reached target Timers.
cloud-init[836]: |      .... o.+o=o|[[0;32m  OK  [0m] Started Availability of block devices.

[[0;32m  OK  [0m] Listening on Socket activation for snappy daemon.
[   26.789033] [cloud-init[0;32m  OK  [0m[836]: ] +----[SHA256]-----+Listening on LXD - unix socket.

[   26.797638] cloud-init[836]: Generating public/private dsa key pair.
[[0;32m  OK  [0m] Reached target Sockets.
[[0;32m  OK  [0m] Reached target Basic System.
         Starting Accounts Service...
         Starting LSB: Record successful boot for GRUB...
[   26.800304] cloud-init[836]: Your identification has been saved in /etc/ssh/ssh_host_dsa_key.
         Starting Login Service...
[   27.043722] cloud-init[836]: Your public key has been saved in /etc/ssh/ssh_host_dsa_key.pub.
[   27.059394] cloud-init[836]: The key fingerprint is:
         Starting Dispatcher daemon for systemd-networkd...
[   27.108457] cloud-init[836]: SHA256:35jMnzoXC/G2rohRk+DvwpJr8P0CL/nnuDcorM/4FME root@ubuntu-bionic
[   27.108603] cloud-init[836]: The key's randomart image is:
[   27.108682] cloud-init[836]: +---[DSA 1024]----+
[   27.108788] cloud-init[836]: |                 |
[   27.108882] cloud-init[836]: |   .             |
[   27.108971] cloud-init[836]: |    E .          |
[   27.109047] cloud-init[836]: |     o . ..      |
[   27.109140] cloud-init[836]: |    . . S  o     |
[   27.109217] cloud-init[836]: |  . .. o =.++    |
[   27.109298] cloud-init[836]: |   +.B... *o.+   |
[   27.109382] cloud-init[836]: |   +X B=+...+.   |
[   27.109465] cloud-init[836]: |  o==*=O=.o*+    |
[   27.109546] cloud-init[836]: +----[SHA256]-----+
[   27.109633] cloud-init[836]: Generating public/private ecdsa key pair.
[   27.109711] cloud-init[836]: Your identification has been saved in /etc/ssh/ssh_host_ecdsa_key.
[   27.109797] cloud-init[836]: Your public key has been saved in /etc/ssh/ssh_host_ecdsa_key.pub.
[   27.109881] cloud-init[836]: The key fingerprint is:
[   27.109969] cloud-init[836]: SHA256:gqBMvBvurNmMh7LcSbtOAX28wI+ddT0CKdgS2I2JtMk root@ubuntu-bionic
[   27.110049] cloud-init[836]: The key's randomart image is:
[   27.110122] cloud-init[836]: +---[ECDSA 256]---+
[   27.110205] cloud-init[836]: |..+.B  ..        |
[   27.110287] cloud-init[836]: |oo=*.+ .. .      |
[   27.110360] cloud-init[836]: | E.+.o.. o o     |
[   27.110413] cloud-init[836]: |o.o.*.+ . . .    |
[   27.110457] cloud-init[836]: |.+ o.=. S        |
[   27.110499] cloud-init[836]: |. o .  .         |
[   27.110542] cloud-init[836]: | + o             |
[   27.110647] cloud-init[836]: |*== o            |
[   27.110743] cloud-init[836]: |B*+*.            |
[   27.110817] [[0;32m  OK  [0m] Started Deferred execution scheduler.
[[0;32m  OK  [0m] Started FUSE filesystem for LXC.
cloud-init[836]: +----[SHA256]-----+
[   27.350053] cloud-init[836]: Generating public/private ed25519 key pair.
[   27.362498] cloud-init[836]: Your identification has been saved in /etc/ssh/ssh_host_ed25519_key.[[0;32m  OK  [0m] Started Regular background program processing daemon.

[   27.380295] cloud-init[836]: Your public key has been saved in /etc/ssh/ssh_host_ed25519_key.pub.         Starting System Logging Service...

[   27.395109] cloud-init[836]: The key fingerprint is:
[   27.422298] cloud-init[836]: SHA256:NSeIuLYRkb6pyzq33aD+Tr0PtMAeGjk7vq9sxbnno68 root@ubuntu-bionic
[   27.437627] cloud-init[836]: The key's randomart image is:
[   27.441609] cloud-init[836]: +--[ED25519 256]--+
[   27.442556] cloud-init[836]: |    ..           |
[   27.445980] cloud-init[836]: |    .o . .       |
[   27.447843] cloud-init[836]: |   .o . . + .    |
[   27.451829] cloud-init[836]: |   o.o   . +     |
[   27.455848] cloud-init[836]: |  +.B+. S        |
[   27.460730] cloud-init[836]: |   B*B .         |
[   27.476911] cloud-init[836]: |  +o=.+          |
[   27.516338] cloud-init[836]: |.++=.ooo         |
[   27.531833] cloud-init[836]: |.*@OE*=o.        |
[   27.546253] cloud-init[836]: +----[SHA256]-----+
         Starting Pollinate to seed the pseudo random number generator...
[[0;32m  OK  [0m] Started D-Bus System Message Bus.
[[0;32m  OK  [0m] Started irqbalance daemon.
         Starting Permit User Sessions...
         Starting LSB: automatic crash report generation...
         Starting Snappy daemon...
         Starting Virtualbox guest utils...
         Starting LXD - container startup/shutdown...
[[0;32m  OK  [0m] Started System Logging Service.
[[0;32m  OK  [0m] Started Dispatcher daemon for systemd-networkd.
[[0;32m  OK  [0m] Started Permit User Sessions.
[[0;32m  OK  [0m] Started Login Service.
         Starting Authorization Manager...
[[0;32m  OK  [0m] Started Unattended Upgrades Shutdown.
         Starting Terminate Plymouth Boot Screen...
         Starting Hold until boot process finishes up...
[[0;32m  OK  [0m] Started Terminate Plymouth Boot Screen.
[[0;32m  OK  [0m] Started LSB: automatic crash report generation.
[[0;32m  OK  [0m] Started Hold until boot process finishes up.
         Starting Set console scheme...
[[0;32m  OK  [0m] Started Serial Getty on ttyS0.
[[0;32m  OK  [0m] Started Authorization Manager.
[[0;32m  OK  [0m] Started LSB: Record successful boot for GRUB.
[[0;32m  OK  [0m] Started Accounts Service.
[[0;32m  OK  [0m] Started Set console scheme.
[[0;32m  OK  [0m] Created slice system-getty.slice.
[[0;32m  OK  [0m] Started Getty on tty1.
[[0;32m  OK  [0m] Reached target Login Prompts.
[[0;32m  OK  [0m] Started Virtualbox guest utils.
[[0;32m  OK  [0m] Started LXD - container startup/shutdown.
[[0;32m  OK  [0m] Started Snappy daemon.
         Starting Wait until snapd is fully seeded...
[[0;32m  OK  [0m] Started Pollinate to seed the pseudo random number generator.
         Starting OpenBSD Secure Shell server...
[[0;32m  OK  [0m] Started OpenBSD Secure Shell server.
[[0;32m  OK  [0m] Created slice User Slice of vagrant.
         Starting User Manager for UID 1000...
[[0;32m  OK  [0m] Started Session 1 of user vagrant.
[[0;32m  OK  [0m] Started User Manager for UID 1000.
[[0;32m  OK  [0m] Started Wait until snapd is fully seeded.
[[0;32m  OK  [0m] Reached target Multi-User System.
[[0;32m  OK  [0m] Reached target Graphical Interface.
         Starting Update UTMP about System Runlevel Changes...
         Starting Apply the settings specified in cloud-config...
[[0;32m  OK  [0m] Started Update UTMP about System Runlevel Changes.

Ubuntu 18.04.3 LTS ubuntu-bionic ttyS0

ubuntu-bionic login: [   35.736644] cloud-init[1542]: Cloud-init v. 19.1-1-gbaa47854-0ubuntu1~18.04.1 running 'modules:config' at Mon, 16 Sep 2019 05:53:55 +0000. Up 33.89 seconds.
ci-info: no authorized ssh keys fingerprints found for user ubuntu.
<14>Sep 16 05:53:58 ec2: 
<14>Sep 16 05:53:58 ec2: #############################################################
<14>Sep 16 05:53:58 ec2: -----BEGIN SSH HOST KEY FINGERPRINTS-----
<14>Sep 16 05:53:58 ec2: 1024 SHA256:35jMnzoXC/G2rohRk+DvwpJr8P0CL/nnuDcorM/4FME root@ubuntu-bionic (DSA)
<14>Sep 16 05:53:58 ec2: 256 SHA256:gqBMvBvurNmMh7LcSbtOAX28wI+ddT0CKdgS2I2JtMk root@ubuntu-bionic (ECDSA)
<14>Sep 16 05:53:58 ec2: 256 SHA256:NSeIuLYRkb6pyzq33aD+Tr0PtMAeGjk7vq9sxbnno68 root@ubuntu-bionic (ED25519)
<14>Sep 16 05:53:58 ec2: 2048 SHA256:PJr0gv/XX/YOgTXCdcS71LtJTvVqM6syGTdDaPE7DfE root@ubuntu-bionic (RSA)
<14>Sep 16 05:53:58 ec2: -----END SSH HOST KEY FINGERPRINTS-----
<14>Sep 16 05:53:58 ec2: #############################################################
-----BEGIN SSH HOST KEY KEYS-----
ecdsa-sha2-nistp256 AAAAE2VjZHNhLXNoYTItbmlzdHAyNTYAAAAIbmlzdHAyNTYAAABBBKZzzX1tT57mucY9HyBtdRa79uDFdcAAnEvO97oWq4dYMD/uZdUO/TGVLMObzVIBlrZOdSBjO9sj5MyAKQusxOA= root@ubuntu-bionic
ssh-ed25519 AAAAC3NzaC1lZDI1NTE5AAAAIKuap6/MCTLf7OuO1pJQGsN9srX7oGC9GqDDAu8Qu75Y root@ubuntu-bionic
ssh-rsa AAAAB3NzaC1yc2EAAAADAQABAAABAQDIxC/54XNvR1/uuj3SXtq/YheSXo1h05iufE9h/xq7zIb23SdGQ057oJI63d7MXZzpqeD6nwOET2RhIrabI/oGaIBgY8mz8VVrBE6NcPWsKXap75hv0QRPZohLOUAv7alUnflJfkgXmWKmr7np0EdTqBzi6oVDszDCV/l5ebjGrObCdZxoLzlwGkDdhR7nRAfy/S+SAQxO9JLTVA4lH/Va2IV5kRRwXLoLHqCiTUh65ZqTPiOOHpNDlbMfJmfkX8ODhpoTky30HCiMoY3rcWjNUepCmF58M5NuGvWGSdOFJxFseplcf1Me8zmuGP8DIfN1DQNB2DTa18yFzcsdmvlr root@ubuntu-bionic
-----END SSH HOST KEY KEYS-----
[   36.660008] cloud-init[1643]: Cloud-init v. 19.1-1-gbaa47854-0ubuntu1~18.04.1 running 'modules:final' at Mon, 16 Sep 2019 05:53:57 +0000. Up 36.41 seconds.
[   36.660230] cloud-init[1643]: ci-info: no authorized ssh keys fingerprints found for user ubuntu.
[   36.660313] cloud-init[1643]: Cloud-init v. 19.1-1-gbaa47854-0ubuntu1~18.04.1 finished at Mon, 16 Sep 2019 05:53:58 +0000. Datasource DataSourceNoCloud [seed=/dev/sdb][dsmode=net].  Up 36.64 seconds
         Stopping Availability of block devices...
[[0;32m  OK  [0m] Stopped target Timers.
[[0;32m  OK  [0m] Stopped Daily Cleanup of Temporary Directories.
[[0;32m  OK  [0m] Stopped Dai[[0;32m  OK  [0m] Unmounted /var/lib/lxcfs.
[[0;32m  OK  [0m] Stopped Accounts Service.
[[0;32m  OK  [0m] Stopped Dispatcher daemon for systemd-networkd.
[[0;32m  OK  [0m] Stopped Deferred execution scheduler.
[[0;32m  OK  [0m] Stopped Regular background program processing daemon.
[[0;32m  OK  [0m] Stopped System Logging Service.
[[0;32m  OK  [0m] Stopped irqbalance daemon.
[[0;32m  OK  [0m] Stopped Authorization Manager.
[[0;32m  OK  [0m] Stopped Unattended Upgrades Shutdown.
[[0;32m  OK  [0m] Stopped Serial Getty on ttyS0.
[[0;32m  OK  [0m] Stopped Getty on tty1.
[[0;32m  OK  [0m] Stopped OpenBSD Secure Shell server.
[[0;32m  OK  [0m] Stopped User Manager for UID 1000.
[[0;32m  OK  [0m] Stopped Snappy daemon.
[[0;32m  OK  [0m] Stopped Availability of block devices.
[[0;32m  OK  [0m] Stopped D-Bus System Message Bus.
[[0;32m  OK  [0m] Stopped FUSE filesystem for LXC.
[[0;32m  OK  [0m] Stopped Session 8 of user vagrant.
[[0;32m  OK  [0m] Stopped Session 3 of user vagrant.
[[0;32m  OK  [0m] Stopped LXD - container startup/shutdown.
         Unmounting Mount unit for core, revision 7396...
         Unmounting Mount unit for microk8s, revision 826...
[[0;32m  OK  [0m] Removed slice User Slice of vagrant.
[[0;32m  OK  [0m] Removed slice system-getty.slice.
         Stopping Permit User Sessions...
[[0;32m  OK  [0m] Removed slice system-serial\x2dgetty.slice.
         Stopping Login Service...
[[0;32m  OK  [0m] Stopped LSB: Record successful boot for GRUB.
[[0;32m  OK  [0m] Stopped Permit User Sessions.
[[0;32m  OK  [0m] Stopped target Network.
         Stopping Network Name Resolution...
[[0;32m  OK  [0m] Stopped LSB: automatic crash report generation.
[[0;32m  OK  [0m] Stopped Login Service.
[[0;32m  OK  [0m] Stopped Network Name Resolution.
[[0;32m  OK  [0m] Stopped Virtualbox guest utils.
[[0;32m  OK  [0m] Unmounted Mount unit for core, revision 7396.
[[0;32m  OK  [0m] Unmounted Mount unit for microk8s, revision 826.
         Stopping Network Service...
[[0;32m  OK  [0m] Stopped target User and Group Name Lookups.
[[0;32m  OK  [0m] Stopped target Basic System.
[[0;32m  OK  [0m] Stopped target Slices.
[[0;32m  OK  [0m] Removed slice User and Session Slice.
[[0;32m  OK  [0m] Stopped target Paths.
[[0;32m  OK  [0m] Stopped ACPI Events Check.
[[0;32m  OK  [0m] Stopped target Sockets.
[[0;32m  OK  [0m] Closed D-Bus System Message Bus Socket.
[[0;32m  OK  [0m] Closed LXD - unix socket.
[[0;32m  OK  [0m] Closed Open-iSCSI iscsid Socket.
[[0;32m  OK  [0m] Closed ACPID Listen Socket.
[[0;32m  OK  [0m] Closed Socket activation for snappy daemon.
[[0;32m  OK  [0m] Closed Syslog Socket.
[[0;32m  OK  [0m] Closed UUID daemon activation socket.
[[0;32m  OK  [0m] Stopped target System Initialization.
[[0;32m  OK  [0m] Stopped Commit a transient machine-id on disk.
[[0;32m  OK  [0m] Stopped Initial cloud-init job (metadata service crawler).
         Stopping Update UTMP about System Boot/Shutdown...
[[0;32m  OK  [0m] Stopped target Local Encrypted Volumes.
[[0;32m  OK  [0m] Stopped Forward Password Requests to Wall Directory Watch.
[[0;32m  OK  [0m] Stopped Dispatch Password Requests to Console Directory Watch.
         Stopping Load/Save Random Seed...
[[0;32m  OK  [0m] Stopped target Remote File Systems.
[[0;32m  OK  [0m] Stopped target Remote File Systems (Pre).
[[0;32m  OK  [0m] Stopped Network Service.
[[0;32m  OK  [0m] Stopped Load/Save Random Seed.
[[0;32m  OK  [0m] Stopped Apply Kernel Variables.
[[0;32m  OK  [0m] Stopped Load Kernel Modules.
[[0;32m  OK  [0m] Stopped target Network (Pre).
[[0;32m  OK  [0m] Stopped Initial cloud-init job (pre-networking).
[[0;32m  OK  [0m] Stopped Update UTMP about System Boot/Shutdown.
[[0;32m  OK  [0m] Stopped Create Volatile Files and Directories.
[[0;32m  OK  [0m] Stopped target Local File Systems.
         Unmounting /vagrant...
         Unmounting /run/user/1000...
[[0;32m  OK  [0m] Unmounted /run/user/1000.
[[0;32m  OK  [0m] Unmounted /vagrant.
[[0;32m  OK  [0m] Reached target Unmount All Filesystems.
[[0;32m  OK  [0m] Stopped target Local File Systems (Pre).
[[0;32m  OK  [0m] Stopped Create Static Device Nodes in /dev.
         Stopping Monitoring of LVM2 mirrors…ng dmeventd or progress polling...
[[0;32m  OK  [0m] Stopped Remount Root and Kernel File Systems.
[[0;32m  OK  [0m] Stopped target Swap.
[[0;32m  OK  [0m] Reached target Shutdown.
[[0;32m  OK  [0m] Reached target Final Step.
         Starting Power-Off...
[[0;32m  OK  [0m] Stopped Monitoring of LVM2 mirrors,…sing dmeventd or progress polling.
         Stopping LVM2 metadata daemon...
[ 1443.410055] reboot: Power down
